\BOOKMARK [0][-]{chapter.1}{\376\377\000I\000n\000t\000r\000o\000d\000u\000z\000i\000o\000n\000e\000\040\000e\000\040\000d\000e\000s\000c\000r\000i\000z\000i\000o\000n\000e\000\040\000d\000e\000i\000\040\000d\000a\000t\000i}{}% 1
\BOOKMARK [1][-]{section.1.1}{\376\377\000T\000i\000p\000i\000\040\000d\000i\000\040\000u\000t\000e\000n\000t\000e}{chapter.1}% 2
\BOOKMARK [2][-]{subsection.1.1.1}{\376\377\000V\000i\000s\000i\000t\000a\000t\000o\000r\000e}{section.1.1}% 3
\BOOKMARK [2][-]{subsection.1.1.2}{\376\377\000C\000l\000i\000e\000n\000t\000e}{section.1.1}% 4
\BOOKMARK [2][-]{subsection.1.1.3}{\376\377\000C\000o\000n\000c\000i\000e\000r\000g\000e}{section.1.1}% 5
\BOOKMARK [2][-]{subsection.1.1.4}{\376\377\000A\000m\000m\000i\000n\000i\000s\000t\000r\000a\000t\000o\000r\000e}{section.1.1}% 6
\BOOKMARK [1][-]{section.1.2}{\376\377\000C\000a\000s\000i\000\040\000d\000'\000u\000s\000o}{chapter.1}% 7
\BOOKMARK [2][-]{subsection.1.2.1}{\376\377\000V\000i\000s\000u\000a\000l\000i\000z\000z\000a\000z\000i\000o\000n\000e\000\040\000i\000n\000f\000o\000r\000m\000a\000z\000i\000o\000n\000i\000\040\000r\000e\000l\000a\000t\000i\000v\000e\000\040\000a\000l\000l\000'\000h\000o\000t\000e\000l}{section.1.2}% 8
\BOOKMARK [2][-]{subsection.1.2.2}{\376\377\000P\000r\000e\000n\000o\000t\000a\000z\000i\000o\000n\000e\000\040\000d\000i\000\040\000u\000n\000\040\000s\000o\000g\000g\000i\000o\000r\000n\000o}{section.1.2}% 9
\BOOKMARK [2][-]{subsection.1.2.3}{\376\377\000R\000e\000g\000i\000s\000t\000r\000a\000z\000i\000o\000n\000e}{section.1.2}% 10
\BOOKMARK [2][-]{subsection.1.2.4}{\376\377\000L\000o\000g\000i\000n}{section.1.2}% 11
\BOOKMARK [2][-]{subsection.1.2.5}{\376\377\000V\000i\000s\000u\000a\000l\000i\000z\000z\000a\000z\000i\000o\000n\000e\000\040\000e\000\040\000m\000o\000d\000i\000f\000i\000c\000a\000\040\000d\000e\000l\000l\000e\000\040\000i\000n\000f\000o\000r\000m\000a\000z\000i\000o\000n\000i\000\040\000p\000e\000r\000s\000o\000n\000a\000l\000i}{section.1.2}% 12
\BOOKMARK [2][-]{subsection.1.2.6}{\376\377\000P\000a\000g\000a\000m\000e\000n\000t\000o\000\040\000m\000e\000d\000i\000a\000n\000t\000e\000\040\000d\000e\000n\000a\000r\000o\000\040\000e\000/\000o\000\040\000c\000r\000e\000d\000i\000t\000i}{section.1.2}% 13
\BOOKMARK [2][-]{subsection.1.2.7}{\376\377\000S\000e\000r\000v\000i\000z\000i\000o\000\040\000d\000i\000\040\000r\000i\000s\000t\000o\000r\000a\000z\000i\000o\000n\000e}{section.1.2}% 14
\BOOKMARK [2][-]{subsection.1.2.8}{\376\377\000A\000t\000t\000i\000v\000i\000t\000\340}{section.1.2}% 15
\BOOKMARK [2][-]{subsection.1.2.9}{\376\377\000S\000c\000r\000i\000t\000t\000u\000r\000a\000\040\000e\000\040\000c\000o\000m\000m\000e\000n\000t\000o\000\040\000d\000i\000\040\000r\000e\000c\000e\000n\000s\000i\000o\000n\000i\000/\000c\000o\000m\000m\000e\000n\000t\000i}{section.1.2}% 16
\BOOKMARK [2][-]{subsection.1.2.10}{\376\377\000V\000a\000l\000u\000t\000a\000z\000i\000o\000n\000e\000\040\000d\000i\000\040\000r\000e\000c\000e\000n\000s\000i\000o\000n\000i\000\040\000e\000\040\000d\000i\000\040\000c\000o\000m\000m\000e\000n\000t\000i}{section.1.2}% 17
\BOOKMARK [2][-]{subsection.1.2.11}{\376\377\000I\000n\000s\000e\000r\000i\000m\000e\000n\000t\000o\000\040\000e\000\040\000r\000i\000s\000p\000o\000s\000t\000a\000\040\000a\000l\000l\000e\000\040\000d\000o\000m\000a\000n\000d\000e}{section.1.2}% 18
\BOOKMARK [2][-]{subsection.1.2.12}{\376\377\000M\000o\000d\000i\000f\000i\000c\000a\000\040\000d\000e\000l\000\040\000m\000e\000n\000\371\000\040\000d\000e\000l\000\040\000r\000i\000s\000t\000o\000r\000a\000n\000t\000e}{section.1.2}% 19
\BOOKMARK [2][-]{subsection.1.2.13}{\376\377\000M\000o\000d\000i\000f\000i\000c\000a\000\040\000d\000e\000g\000l\000i\000\040\000o\000r\000a\000r\000i}{section.1.2}% 20
\BOOKMARK [2][-]{subsection.1.2.14}{\376\377\000M\000o\000d\000i\000f\000i\000c\000a\000\040\000d\000e\000l\000l\000e\000\040\000a\000t\000t\000i\000v\000i\000t\000\340}{section.1.2}% 21
\BOOKMARK [2][-]{subsection.1.2.15}{\376\377\000V\000i\000s\000u\000a\000l\000i\000z\000z\000a\000z\000i\000o\000n\000e\000\040\000d\000e\000l\000l\000e\000\040\000p\000r\000e\000n\000o\000t\000a\000z\000i\000o\000n\000i\000\040\000d\000e\000i\000\040\000c\000l\000i\000e\000n\000t\000i}{section.1.2}% 22
\BOOKMARK [2][-]{subsection.1.2.16}{\376\377\000E\000l\000e\000v\000a\000z\000i\000o\000n\000e\000/\000i\000n\000s\000e\000r\000i\000m\000e\000n\000t\000o\000\040\000d\000i\000\040\000d\000o\000m\000a\000n\000d\000e\000\040\000c\000o\000m\000e\000\040\000F\000A\000Q}{section.1.2}% 23
\BOOKMARK [2][-]{subsection.1.2.17}{\376\377\000I\000n\000s\000e\000r\000i\000m\000e\000n\000t\000o\000/\000d\000i\000s\000a\000t\000t\000i\000v\000a\000z\000i\000o\000n\000e\000\040\000d\000i\000\040\000u\000n\000a\000\040\000c\000a\000t\000e\000g\000o\000r\000i\000a}{section.1.2}% 24
\BOOKMARK [2][-]{subsection.1.2.18}{\376\377\000A\000p\000p\000r\000o\000v\000a\000z\000i\000o\000n\000e\000\040\000d\000i\000\040\000u\000n\000\040\000p\000a\000g\000a\000m\000e\000n\000t\000o}{section.1.2}% 25
\BOOKMARK [2][-]{subsection.1.2.19}{\376\377\000V\000i\000s\000u\000a\000l\000i\000z\000z\000a\000z\000i\000o\000n\000e\000\040\000d\000e\000i\000\040\000c\000l\000i\000e\000n\000t\000i\000\040\000a\000t\000t\000u\000a\000l\000i}{section.1.2}% 26
\BOOKMARK [1][-]{section.1.3}{\376\377\000S\000t\000r\000u\000t\000t\000u\000r\000e\000\040\000d\000a\000t\000i}{chapter.1}% 27
\BOOKMARK [2][-]{subsection.1.3.1}{\376\377\000C\000l\000i\000e\000n\000t\000i\000.\000x\000m\000l}{section.1.3}% 28
\BOOKMARK [2][-]{subsection.1.3.2}{\376\377\000C\000o\000n\000c\000i\000e\000r\000g\000e\000.\000x\000m\000l}{section.1.3}% 29
\BOOKMARK [2][-]{subsection.1.3.3}{\376\377\000A\000m\000m\000i\000n\000i\000s\000t\000r\000a\000t\000o\000r\000i\000.\000x\000m\000l}{section.1.3}% 30
\BOOKMARK [2][-]{subsection.1.3.4}{\376\377\000C\000a\000m\000e\000r\000e\000.\000x\000m\000l}{section.1.3}% 31
\BOOKMARK [2][-]{subsection.1.3.5}{\376\377\000R\000i\000s\000t\000o\000r\000a\000n\000t\000e\000.\000x\000m\000l}{section.1.3}% 32
\BOOKMARK [2][-]{subsection.1.3.6}{\376\377\000T\000a\000v\000o\000l\000i\000.\000x\000m\000l}{section.1.3}% 33
\BOOKMARK [2][-]{subsection.1.3.7}{\376\377\000S\000e\000r\000v\000i\000z\000i\000o\000C\000a\000m\000e\000r\000a\000.\000x\000m\000l}{section.1.3}% 34
\BOOKMARK [2][-]{subsection.1.3.8}{\376\377\000A\000t\000t\000i\000v\000i\000t\000a\000.\000x\000m\000l}{section.1.3}% 35
\BOOKMARK [2][-]{subsection.1.3.9}{\376\377\000R\000e\000c\000e\000n\000s\000i\000o\000n\000i\000.\000x\000m\000l}{section.1.3}% 36
\BOOKMARK [2][-]{subsection.1.3.10}{\376\377\000C\000o\000m\000m\000e\000n\000t\000i\000.\000x\000m\000l}{section.1.3}% 37
\BOOKMARK [2][-]{subsection.1.3.11}{\376\377\000V\000a\000l\000u\000t\000a\000z\000i\000o\000n\000i\000.\000x\000m\000l}{section.1.3}% 38
\BOOKMARK [2][-]{subsection.1.3.12}{\376\377\000D\000o\000m\000a\000n\000d\000e\000.\000x\000m\000l}{section.1.3}% 39
\BOOKMARK [2][-]{subsection.1.3.13}{\376\377\000F\000A\000Q\000s\000.\000x\000m\000l}{section.1.3}% 40
\BOOKMARK [2][-]{subsection.1.3.14}{\376\377\000C\000a\000t\000e\000g\000o\000r\000i\000e\000.\000x\000m\000l}{section.1.3}% 41
\BOOKMARK [1][-]{section.1.4}{\376\377\000E\000l\000e\000m\000e\000n\000t\000i\000\040\000X\000M\000L}{chapter.1}% 42
\BOOKMARK [0][-]{chapter.2}{\376\377\000M\000a\000n\000u\000a\000l\000e\000\040\000u\000t\000e\000n\000t\000e}{}% 43
\BOOKMARK [1][-]{section.2.1}{\376\377\000U\000t\000e\000n\000t\000e\000\040\000v\000i\000s\000i\000t\000a\000t\000o\000r\000e}{chapter.2}% 44
\BOOKMARK [2][-]{subsection.2.1.1}{\376\377\000V\000i\000s\000u\000a\000l\000i\000z\000z\000a\000r\000e\000\040\000l\000e\000\040\000c\000a\000m\000e\000r\000e\000\040\000e\000\040\000l\000e\000\040\000s\000u\000i\000t\000e}{section.2.1}% 45
\BOOKMARK [2][-]{subsection.2.1.2}{\376\377\000V\000i\000s\000u\000a\000l\000i\000z\000z\000a\000r\000e\000\040\000l\000e\000\040\000r\000e\000c\000e\000n\000s\000i\000o\000n\000i}{section.2.1}% 46
\BOOKMARK [2][-]{subsection.2.1.3}{\376\377\000V\000i\000s\000u\000a\000l\000i\000z\000z\000a\000r\000e\000\040\000l\000e\000\040\000F\000A\000Q}{section.2.1}% 47
\BOOKMARK [2][-]{subsection.2.1.4}{\376\377\000P\000r\000e\000n\000o\000t\000a\000z\000i\000o\000n\000e\000\040\000d\000i\000\040\000u\000n\000\040\000s\000o\000g\000g\000i\000o\000r\000n\000o}{section.2.1}% 48
\BOOKMARK [0][-]{chapter.3}{\376\377\000P\000r\000o\000g\000r\000a\000m\000m\000a\000z\000i\000o\000n\000e}{}% 49
\BOOKMARK [1][-]{section.3.1}{\376\377\000S\000c\000r\000i\000p\000t\000\040\000d\000e\000l\000l\000e\000\040\000p\000a\000g\000i\000n\000e}{chapter.3}% 50
