This is pdfTeX, Version 3.141592653-2.6-1.40.23 (MiKTeX 21.8) (preloaded format=pdflatex 2021.11.2)  10 OCT 2022 03:12
entering extended mode
**./Relazione.tex
(Relazione.tex
LaTeX2e <2021-06-01> patch level 1
L3 programming layer <2021-08-27>
(C:\Users\HP 840 G1\AppData\Local\Programs\MiKTeX\tex/latex/base\book.cls
Document Class: book 2021/02/12 v1.4n Standard LaTeX document class
(C:\Users\HP 840 G1\AppData\Local\Programs\MiKTeX\tex/latex/base\bk12.clo
File: bk12.clo 2021/02/12 v1.4n Standard LaTeX file (size option)
)
\c@part=\count182
\c@chapter=\count183
\c@section=\count184
\c@subsection=\count185
\c@subsubsection=\count186
\c@paragraph=\count187
\c@subparagraph=\count188
\c@figure=\count189
\c@table=\count190
\abovecaptionskip=\skip47
\belowcaptionskip=\skip48
\bibindent=\dimen138
)
(C:\Users\HP 840 G1\AppData\Local\Programs\MiKTeX\tex/generic/babel\babel.sty
Package: babel 2021/07/22 3.63 The Babel package

(C:\Users\HP 840 G1\AppData\Local\Programs\MiKTeX\tex/generic/babel\babel.def
File: babel.def 2021/07/22 3.63 Babel common definitions
\babel@savecnt=\count191
\U@D=\dimen139
\l@unhyphenated=\language79

(C:\Users\HP 840 G1\AppData\Local\Programs\MiKTeX\tex/generic/babel\txtbabel.de
f)
\bbl@readstream=\read2
)
\bbl@dirlevel=\count192

*************************************
* Local config file bblopts.cfg used
*
(C:\Users\HP 840 G1\AppData\Local\Programs\MiKTeX\tex/latex/arabi\bblopts.cfg
File: bblopts.cfg 2005/09/08 v0.1 add Arabic and Farsi to "declared" options of
 babel
)
(C:\Users\HP 840 G1\AppData\Local\Programs\MiKTeX\tex/latex/babel-italian\itali
an.ldf
Language: italian 2020/05/21 v.1.4.04 Italian support for the babel system
\it@lettering=\count193
\it@doublequoteactive=\count194
\it@ISOcompliance=\count195
))
(C:\Users\HP 840 G1\AppData\Local\Programs\MiKTeX\tex/latex/etoolbox\etoolbox.s
ty
Package: etoolbox 2020/10/05 v2.5k e-TeX tools for LaTeX (JAW)
\etb@tempcnta=\count196
)
(C:\Users\HP 840 G1\AppData\Local\Programs\MiKTeX\tex/latex/graphics\graphicx.s
ty
Package: graphicx 2020/12/05 v1.2c Enhanced LaTeX Graphics (DPC,SPQR)

(C:\Users\HP 840 G1\AppData\Local\Programs\MiKTeX\tex/latex/graphics\keyval.sty
Package: keyval 2014/10/28 v1.15 key=value parser (DPC)
\KV@toks@=\toks16
)
(C:\Users\HP 840 G1\AppData\Local\Programs\MiKTeX\tex/latex/graphics\graphics.s
ty
Package: graphics 2021/03/04 v1.4d Standard LaTeX Graphics (DPC,SPQR)

(C:\Users\HP 840 G1\AppData\Local\Programs\MiKTeX\tex/latex/graphics\trig.sty
Package: trig 2016/01/03 v1.10 sin cos tan (DPC)
)
(C:\Users\HP 840 G1\AppData\Local\Programs\MiKTeX\tex/latex/graphics-cfg\graphi
cs.cfg
File: graphics.cfg 2016/06/04 v1.11 sample graphics configuration
)
Package graphics Info: Driver file: pdftex.def on input line 107.

(C:\Users\HP 840 G1\AppData\Local\Programs\MiKTeX\tex/latex/graphics-def\pdftex
.def
File: pdftex.def 2020/10/05 v1.2a Graphics/color driver for pdftex
))
\Gin@req@height=\dimen140
\Gin@req@width=\dimen141
)
(C:\Users\HP 840 G1\AppData\Local\Programs\MiKTeX\tex/latex/hyperref\hyperref.s
ty
Package: hyperref 2021-06-07 v7.00m Hypertext links for LaTeX

(C:\Users\HP 840 G1\AppData\Local\Programs\MiKTeX\tex/generic/ltxcmds\ltxcmds.s
ty
Package: ltxcmds 2020-05-10 v1.25 LaTeX kernel commands for general use (HO)
)
(C:\Users\HP 840 G1\AppData\Local\Programs\MiKTeX\tex/generic/iftex\iftex.sty
Package: iftex 2020/03/06 v1.0d TeX engine tests
)
(C:\Users\HP 840 G1\AppData\Local\Programs\MiKTeX\tex/generic/pdftexcmds\pdftex
cmds.sty
Package: pdftexcmds 2020-06-27 v0.33 Utility functions of pdfTeX for LuaTeX (HO
)

(C:\Users\HP 840 G1\AppData\Local\Programs\MiKTeX\tex/generic/infwarerr\infware
rr.sty
Package: infwarerr 2019/12/03 v1.5 Providing info/warning/error messages (HO)
)
Package pdftexcmds Info: \pdf@primitive is available.
Package pdftexcmds Info: \pdf@ifprimitive is available.
Package pdftexcmds Info: \pdfdraftmode found.
)
(C:\Users\HP 840 G1\AppData\Local\Programs\MiKTeX\tex/generic/kvsetkeys\kvsetke
ys.sty
Package: kvsetkeys 2019/12/15 v1.18 Key value parser (HO)
)
(C:\Users\HP 840 G1\AppData\Local\Programs\MiKTeX\tex/generic/kvdefinekeys\kvde
finekeys.sty
Package: kvdefinekeys 2019-12-19 v1.6 Define keys (HO)
)
(C:\Users\HP 840 G1\AppData\Local\Programs\MiKTeX\tex/generic/pdfescape\pdfesca
pe.sty
Package: pdfescape 2019/12/09 v1.15 Implements pdfTeX's escape features (HO)
)
(C:\Users\HP 840 G1\AppData\Local\Programs\MiKTeX\tex/latex/hycolor\hycolor.sty
Package: hycolor 2020-01-27 v1.10 Color options for hyperref/bookmark (HO)
)
(C:\Users\HP 840 G1\AppData\Local\Programs\MiKTeX\tex/latex/letltxmacro\letltxm
acro.sty
Package: letltxmacro 2019/12/03 v1.6 Let assignment for LaTeX macros (HO)
)
(C:\Users\HP 840 G1\AppData\Local\Programs\MiKTeX\tex/latex/auxhook\auxhook.sty
Package: auxhook 2019-12-17 v1.6 Hooks for auxiliary files (HO)
)
(C:\Users\HP 840 G1\AppData\Local\Programs\MiKTeX\tex/latex/kvoptions\kvoptions
.sty
Package: kvoptions 2022-06-15 v3.15 Key value format for package options (HO)
)
\@linkdim=\dimen142
\Hy@linkcounter=\count197
\Hy@pagecounter=\count198

(C:\Users\HP 840 G1\AppData\Local\Programs\MiKTeX\tex/latex/hyperref\pd1enc.def
File: pd1enc.def 2021-06-07 v7.00m Hyperref: PDFDocEncoding definition (HO)
Now handling font encoding PD1 ...
... no UTF-8 mapping file for font encoding PD1
)
(C:\Users\HP 840 G1\AppData\Local\Programs\MiKTeX\tex/latex/hyperref\hyperref-l
angpatches.def
File: hyperref-langpatches.def 2021-06-07 v7.00m Hyperref: patches for babel la
nguages
)
(C:\Users\HP 840 G1\AppData\Local\Programs\MiKTeX\tex/generic/intcalc\intcalc.s
ty
Package: intcalc 2019/12/15 v1.3 Expandable calculations with integers (HO)
)
(C:\Users\HP 840 G1\AppData\Local\Programs\MiKTeX\tex/generic/etexcmds\etexcmds
.sty
Package: etexcmds 2019/12/15 v1.7 Avoid name clashes with e-TeX commands (HO)
)
\Hy@SavedSpaceFactor=\count199

(C:\Users\HP 840 G1\AppData\Local\Programs\MiKTeX\tex/latex/hyperref\puenc.def
File: puenc.def 2021-06-07 v7.00m Hyperref: PDF Unicode definition (HO)
Now handling font encoding PU ...
... no UTF-8 mapping file for font encoding PU
)
Package hyperref Info: Hyper figures OFF on input line 4192.
Package hyperref Info: Link nesting OFF on input line 4197.
Package hyperref Info: Hyper index ON on input line 4200.
Package hyperref Info: Plain pages OFF on input line 4207.
Package hyperref Info: Backreferencing OFF on input line 4212.
Package hyperref Info: Implicit mode ON; LaTeX internals redefined.
Package hyperref Info: Bookmarks ON on input line 4445.
\c@Hy@tempcnt=\count266
(C:\Users\HP 840 G1\AppData\Local\Programs\MiKTeX\tex/latex/url\url.sty
\Urlmuskip=\muskip16
Package: url 2013/09/16  ver 3.4  Verb mode for urls, etc.
)
LaTeX Info: Redefining \url on input line 4804.
\XeTeXLinkMargin=\dimen143

(C:\Users\HP 840 G1\AppData\Local\Programs\MiKTeX\tex/generic/bitset\bitset.sty
Package: bitset 2019/12/09 v1.3 Handle bit-vector datatype (HO)

(C:\Users\HP 840 G1\AppData\Local\Programs\MiKTeX\tex/generic/bigintcalc\bigint
calc.sty
Package: bigintcalc 2019/12/15 v1.5 Expandable calculations on big integers (HO
)
))
\Fld@menulength=\count267
\Field@Width=\dimen144
\Fld@charsize=\dimen145
Package hyperref Info: Hyper figures OFF on input line 6076.
Package hyperref Info: Link nesting OFF on input line 6081.
Package hyperref Info: Hyper index ON on input line 6084.
Package hyperref Info: backreferencing OFF on input line 6091.
Package hyperref Info: Link coloring OFF on input line 6096.
Package hyperref Info: Link coloring with OCG OFF on input line 6101.
Package hyperref Info: PDF/A mode OFF on input line 6106.
LaTeX Info: Redefining \ref on input line 6146.
LaTeX Info: Redefining \pageref on input line 6150.

(C:\Users\HP 840 G1\AppData\Local\Programs\MiKTeX\tex/latex/base\atbegshi-ltx.s
ty
Package: atbegshi-ltx 2021/01/10 v1.0c Emulation of the original atbegshi
package with kernel methods
)
\Hy@abspage=\count268
\c@Item=\count269
\c@Hfootnote=\count270
)
Package hyperref Info: Driver (autodetected): hpdftex.

(C:\Users\HP 840 G1\AppData\Local\Programs\MiKTeX\tex/latex/hyperref\hpdftex.de
f
File: hpdftex.def 2021-06-07 v7.00m Hyperref driver for pdfTeX

(C:\Users\HP 840 G1\AppData\Local\Programs\MiKTeX\tex/latex/base\atveryend-ltx.
sty
Package: atveryend-ltx 2020/08/19 v1.0a Emulation of the original atvery packag
e
with kernel methods
)
\Fld@listcount=\count271
\c@bookmark@seq@number=\count272

(C:\Users\HP 840 G1\AppData\Local\Programs\MiKTeX\tex/latex/rerunfilecheck\reru
nfilecheck.sty
Package: rerunfilecheck 2022-07-10 v1.10 Rerun checks for auxiliary files (HO)

(C:\Users\HP 840 G1\AppData\Local\Programs\MiKTeX\tex/generic/uniquecounter\uni
quecounter.sty
Package: uniquecounter 2019/12/15 v1.4 Provide unlimited unique counter (HO)
)
Package uniquecounter Info: New unique counter `rerunfilecheck' on input line 2
85.
)
\Hy@SectionHShift=\skip49
)
(C:\Users\HP 840 G1\AppData\Local\Programs\MiKTeX\tex/latex/listings\listings.s
ty
\lst@mode=\count273
\lst@gtempboxa=\box50
\lst@token=\toks17
\lst@length=\count274
\lst@currlwidth=\dimen146
\lst@column=\count275
\lst@pos=\count276
\lst@lostspace=\dimen147
\lst@width=\dimen148
\lst@newlines=\count277
\lst@lineno=\count278
\lst@maxwidth=\dimen149

(C:\Users\HP 840 G1\AppData\Local\Programs\MiKTeX\tex/latex/listings\lstmisc.st
y
File: lstmisc.sty 2020/03/24 1.8d (Carsten Heinz)
\c@lstnumber=\count279
\lst@skipnumbers=\count280
\lst@framebox=\box51
)
(C:\Users\HP 840 G1\AppData\Local\Programs\MiKTeX\tex/latex/listings\listings.c
fg
File: listings.cfg 2020/03/24 1.8d listings configuration
))
Package: listings 2020/03/24 1.8d (Carsten Heinz)

(C:\Users\HP 840 G1\AppData\Local\Programs\MiKTeX\tex/latex/graphics\color.sty
Package: color 2020/02/24 v1.2b Standard LaTeX Color (DPC)

(C:\Users\HP 840 G1\AppData\Local\Programs\MiKTeX\tex/latex/graphics-cfg\color.
cfg
File: color.cfg 2016/01/02 v1.6 sample color configuration
)
Package color Info: Driver file: pdftex.def on input line 149.
)
(C:\Users\HP 840 G1\AppData\Local\Programs\MiKTeX\tex/latex/l3backend\l3backend
-pdftex.def
File: l3backend-pdftex.def 2021-08-04 L3 backend support: PDF output (pdfTeX)
\l__color_backend_stack_int=\count281
\l__pdf_internal_box=\box52
) (Relazione.aux)
\openout1 = `Relazione.aux'.

LaTeX Font Info:    Checking defaults for OML/cmm/m/it on input line 38.
LaTeX Font Info:    ... okay on input line 38.
LaTeX Font Info:    Checking defaults for OMS/cmsy/m/n on input line 38.
LaTeX Font Info:    ... okay on input line 38.
LaTeX Font Info:    Checking defaults for OT1/cmr/m/n on input line 38.
LaTeX Font Info:    ... okay on input line 38.
LaTeX Font Info:    Checking defaults for T1/cmr/m/n on input line 38.
LaTeX Font Info:    ... okay on input line 38.
LaTeX Font Info:    Checking defaults for TS1/cmr/m/n on input line 38.
LaTeX Font Info:    ... okay on input line 38.
LaTeX Font Info:    Checking defaults for OMX/cmex/m/n on input line 38.
LaTeX Font Info:    ... okay on input line 38.
LaTeX Font Info:    Checking defaults for U/cmr/m/n on input line 38.
LaTeX Font Info:    ... okay on input line 38.
LaTeX Font Info:    Checking defaults for PD1/pdf/m/n on input line 38.
LaTeX Font Info:    ... okay on input line 38.
LaTeX Font Info:    Checking defaults for PU/pdf/m/n on input line 38.
LaTeX Font Info:    ... okay on input line 38.
LaTeX Info: Redefining \it@ocap on input line 38.
LaTeX Info: Redefining \it@ccap on input line 38.


File italian.ldf warning: 
italian.ldf    With OT1 encoding guillemets are poorly faked
italian.ldf    Use T1 encoding
italian.ldf    or specify a font with command \CaporaliFrom
italian.ldf    See the documentation concerning the babel-italian typesetting 
italian.ldf    on input line 38.


(C:\Users\HP 840 G1\AppData\Local\Programs\MiKTeX\tex/context/base/mkii\supp-pd
f.mkii
[Loading MPS to PDF converter (version 2006.09.02).]
\scratchcounter=\count282
\scratchdimen=\dimen150
\scratchbox=\box53
\nofMPsegments=\count283
\nofMParguments=\count284
\everyMPshowfont=\toks18
\MPscratchCnt=\count285
\MPscratchDim=\dimen151
\MPnumerator=\count286
\makeMPintoPDFobject=\count287
\everyMPtoPDFconversion=\toks19
)
(C:\Users\HP 840 G1\AppData\Local\Programs\MiKTeX\tex/latex/epstopdf-pkg\epstop
df-base.sty
Package: epstopdf-base 2020-01-24 v2.11 Base part for package epstopdf
Package epstopdf-base Info: Redefining graphics rule for `.eps' on input line 4
85.

(C:\Users\HP 840 G1\AppData\Local\Programs\MiKTeX\tex/latex/00miktex\epstopdf-s
ys.cfg
File: epstopdf-sys.cfg 2021/03/18 v2.0 Configuration of epstopdf for MiKTeX
))
Package hyperref Info: Link coloring OFF on input line 38.

(C:\Users\HP 840 G1\AppData\Local\Programs\MiKTeX\tex/latex/hyperref\nameref.st
y
Package: nameref 2021-04-02 v2.47 Cross-referencing by name of section

(C:\Users\HP 840 G1\AppData\Local\Programs\MiKTeX\tex/latex/refcount\refcount.s
ty
Package: refcount 2019/12/15 v3.6 Data extraction from label references (HO)
)
(C:\Users\HP 840 G1\AppData\Local\Programs\MiKTeX\tex/generic/gettitlestring\ge
ttitlestring.sty
Package: gettitlestring 2019/12/15 v1.6 Cleanup title references (HO)
)
\c@section@level=\count288
)
LaTeX Info: Redefining \ref on input line 38.
LaTeX Info: Redefining \pageref on input line 38.
LaTeX Info: Redefining \nameref on input line 38.
 (Relazione.out) (Relazione.out)
\@outlinefile=\write3
\openout3 = `Relazione.out'.

\c@lstlisting=\count289
LaTeX Font Info:    External font `cmex10' loaded for size
(Font)              <14.4> on input line 42.
LaTeX Font Info:    External font `cmex10' loaded for size
(Font)              <7> on input line 42.
 [1


{C:/Users/HP 840 G1/AppData/Local/MiKTeX/pdftex/config/pdftex.map}] [2

] (Relazione.toc
LaTeX Font Info:    External font `cmex10' loaded for size
(Font)              <12> on input line 4.
LaTeX Font Info:    External font `cmex10' loaded for size
(Font)              <8> on input line 4.
LaTeX Font Info:    External font `cmex10' loaded for size
(Font)              <6> on input line 4.
 [3] [4])
\tf@toc=\write4
\openout4 = `Relazione.toc'.

 [5]
[6

]
Capitolo 1.

Underfull \hbox (badness 10000) in paragraph at lines 46--49

 []


Underfull \hbox (badness 10000) in paragraph at lines 46--49

 []


Underfull \hbox (badness 10000) in paragraph at lines 54--58

 []


Underfull \hbox (badness 10000) in paragraph at lines 54--58

 []


Underfull \hbox (badness 10000) in paragraph at lines 54--58

 []


Underfull \hbox (badness 10000) in paragraph at lines 54--58

 []

[7] [8] [9] [10] [11]
Overfull \hbox (1.46452pt too wide) in paragraph at lines 158--158
[]\OT1/cmr/bx/n/14.4 Visualizzazione e mo-di-fi-ca del-le in-for-ma-zio-ni per-

 []


Underfull \hbox (badness 10000) in paragraph at lines 171--173

 []

[12] [13] [14]
Underfull \hbox (badness 10000) in paragraph at lines 227--229

 []

[15]
Underfull \hbox (badness 10000) in paragraph at lines 239--241

 []

[16] [17]
Underfull \hbox (badness 10000) in paragraph at lines 289--291

 []

[18]
Underfull \hbox (badness 10000) in paragraph at lines 301--303

 []

[19]
(C:\Users\HP 840 G1\AppData\Local\Programs\MiKTeX\tex/latex/listings\lstlang1.s
ty
File: lstlang1.sty 2020/03/24 1.8d listings language file
)
(C:\Users\HP 840 G1\AppData\Local\Programs\MiKTeX\tex/latex/listings\lstmisc.st
y
File: lstmisc.sty 2020/03/24 1.8d (Carsten Heinz)
)
LaTeX Font Info:    Trying to load font information for OML+cmr on input line 3
23.
 (C:\Users\HP 840 G1\AppData\Local\Programs\MiKTeX\tex/latex/base\omlcmr.fd
File: omlcmr.fd 2019/12/16 v2.5j Standard LaTeX font definitions
)
LaTeX Font Info:    Font shape `OML/cmr/bx/n' in size <10> not available
(Font)              Font shape `OML/cmm/b/it' tried instead on input line 323.
LaTeX Font Info:    Font shape `OT1/cmtt/bx/n' in size <10> not available
(Font)              Font shape `OT1/cmtt/m/n' tried instead on input line 323.

[20]
LaTeX Font Info:    Trying to load font information for OMS+cmr on input line 3
82.
 (C:\Users\HP 840 G1\AppData\Local\Programs\MiKTeX\tex/latex/base\omscmr.fd
File: omscmr.fd 2019/12/16 v2.5j Standard LaTeX font definitions
)
LaTeX Font Info:    Font shape `OMS/cmr/m/n' in size <10> not available
(Font)              Font shape `OMS/cmsy/m/n' tried instead on input line 382.
 [21] [22] [23] [24] [25]
Underfull \vbox (badness 10000) has occurred while \output is active []

 [26]
[27] [28]
Underfull \vbox (badness 10000) has occurred while \output is active []

 [29]
[30]
Underfull \vbox (badness 10000) has occurred while \output is active []

 [31]
[32]
Underfull \vbox (badness 10000) has occurred while \output is active []

 [33]
[34] [35]
Underfull \vbox (badness 10000) has occurred while \output is active []

 [36]
[37] [38] [39] [40]
Underfull \vbox (badness 10000) has occurred while \output is active []

 [41]
Underfull \vbox (badness 10000) has occurred while \output is active []

 [42]
[43] [44] [45]
Underfull \vbox (badness 10000) has occurred while \output is active []

 [46]
[47] [48] [49]
Underfull \vbox (badness 10000) has occurred while \output is active []

 [50]
[51] [52] [53] [54] [55] [56

]
Capitolo 2.
<../Screenshots//HomePage.png, id=1934, 1204.5pt x 598.48593pt>
File: ../Screenshots//HomePage.png Graphic file (type png)
<use ../Screenshots//HomePage.png>
Package pdftex.def Info: ../Screenshots//HomePage.png  used on input line 1629.

(pdftex.def)             Requested size: 361.35278pt x 179.54716pt.

Underfull \hbox (badness 10000) in paragraph at lines 1626--1635

 []

[57 <../Screenshots//HomePage.png>]
<../Screenshots//Camere.png, id=1942, 1204.5pt x 596.2275pt>
File: ../Screenshots//Camere.png Graphic file (type png)
<use ../Screenshots//Camere.png>
Package pdftex.def Info: ../Screenshots//Camere.png  used on input line 1647.
(pdftex.def)             Requested size: 361.35278pt x 178.86963pt.
 [58 <../Screenshots//Camere.png>]
<../Screenshots//RecensioniVisitatore.png, id=1950, 1204.5pt x 677.53125pt>
File: ../Screenshots//RecensioniVisitatore.png Graphic file (type png)
<use ../Screenshots//RecensioniVisitatore.png>
Package pdftex.def Info: ../Screenshots//RecensioniVisitatore.png  used on inpu
t line 1658.
(pdftex.def)             Requested size: 361.35278pt x 203.26094pt.

Underfull \hbox (badness 10000) in paragraph at lines 1662--1664

 []


Underfull \hbox (badness 10000) in paragraph at lines 1662--1664

 []

[59 <../Screenshots//RecensioniVisitatore.png>]
<../Screenshots//RisposteRecensioneVisitatore.png, id=1960, 1204.5pt x 677.5312
5pt>
File: ../Screenshots//RisposteRecensioneVisitatore.png Graphic file (type png)
<use ../Screenshots//RisposteRecensioneVisitatore.png>
Package pdftex.def Info: ../Screenshots//RisposteRecensioneVisitatore.png  used
 on input line 1667.
(pdftex.def)             Requested size: 361.35278pt x 203.26094pt.
<../Screenshots//FaqVisitatore.png, id=1962, 1204.5pt x 677.53125pt>
File: ../Screenshots//FaqVisitatore.png Graphic file (type png)
<use ../Screenshots//FaqVisitatore.png>
Package pdftex.def Info: ../Screenshots//FaqVisitatore.png  used on input line 
1678.
(pdftex.def)             Requested size: 349.29605pt x 196.47902pt.
<../Screenshots//PrenotaOra.png, id=1966, 1204.5pt x 596.98032pt>
File: ../Screenshots//PrenotaOra.png Graphic file (type png)
<use ../Screenshots//PrenotaOra.png>
Package pdftex.def Info: ../Screenshots//PrenotaOra.png  used on input line 168
7.
(pdftex.def)             Requested size: 361.35278pt x 179.09547pt.
 [60 <../Screenshots//RisposteRecensioneVisitatore.png> <../Screenshots//FaqVis
itatore.png>]
<../Screenshots//VisualizzaDisponibilita.png, id=1974, 1204.5pt x 677.53125pt>
File: ../Screenshots//VisualizzaDisponibilita.png Graphic file (type png)
<use ../Screenshots//VisualizzaDisponibilita.png>
Package pdftex.def Info: ../Screenshots//VisualizzaDisponibilita.png  used on i
nput line 1694.
(pdftex.def)             Requested size: 289.0859pt x 162.61081pt.
 [61 <../Screenshots//PrenotaOra.png> <../Screenshots//VisualizzaDisponibilita.
png>]
<../Screenshots//LoginPrenotazione.png, id=1984, 1204.5pt x 677.53125pt>
File: ../Screenshots//LoginPrenotazione.png Graphic file (type png)
<use ../Screenshots//LoginPrenotazione.png>
Package pdftex.def Info: ../Screenshots//LoginPrenotazione.png  used on input l
ine 1701.
(pdftex.def)             Requested size: 361.35278pt x 203.26094pt.
<../Screenshots//Login.png, id=1985, 1204.5pt x 677.53125pt>
File: ../Screenshots//Login.png Graphic file (type png)
<use ../Screenshots//Login.png>
Package pdftex.def Info: ../Screenshots//Login.png  used on input line 1709.
(pdftex.def)             Requested size: 361.35278pt x 203.26094pt.

Underfull \hbox (badness 10000) in paragraph at lines 1713--1716

 []


Underfull \hbox (badness 10000) in paragraph at lines 1713--1716

 []

[62 <../Screenshots//LoginPrenotazione.png> <../Screenshots//Login.png>]
<../Screenshots//Registrazione.png, id=1995, 1204.5pt x 677.53125pt>
File: ../Screenshots//Registrazione.png Graphic file (type png)
<use ../Screenshots//Registrazione.png>
Package pdftex.def Info: ../Screenshots//Registrazione.png  used on input line 
1720.
(pdftex.def)             Requested size: 361.35278pt x 203.26094pt.

[63 <../Screenshots//Registrazione.png>]
<../Screenshots//HomePageCliente.png, id=2005, 1204.5pt x 677.53125pt>
File: ../Screenshots//HomePageCliente.png Graphic file (type png)
<use ../Screenshots//HomePageCliente.png>
Package pdftex.def Info: ../Screenshots//HomePageCliente.png  used on input lin
e 1736.
(pdftex.def)             Requested size: 289.0859pt x 162.61081pt.

Underfull \hbox (badness 10000) in paragraph at lines 1730--1739

 []


Underfull \hbox (badness 10000) in paragraph at lines 1730--1739

 []

[64 <../Screenshots//HomePageCliente.png>]
<../Screenshots//AreaCliente.png, id=2011, 1204.5pt x 677.53125pt>
File: ../Screenshots//AreaCliente.png Graphic file (type png)
<use ../Screenshots//AreaCliente.png>
Package pdftex.def Info: ../Screenshots//AreaCliente.png  used on input line 17
44.
(pdftex.def)             Requested size: 361.35278pt x 203.26094pt.

Underfull \hbox (badness 10000) in paragraph at lines 1748--1750

 []

<../Screenshots//ConfermaPrenotazioneCamera.png, id=2017, 1204.5pt x 677.53125p
t>
File: ../Screenshots//ConfermaPrenotazioneCamera.png Graphic file (type png)
<use ../Screenshots//ConfermaPrenotazioneCamera.png>
Package pdftex.def Info: ../Screenshots//ConfermaPrenotazioneCamera.png  used o
n input line 1755.
(pdftex.def)             Requested size: 361.35278pt x 203.26094pt.
<../Screenshots//PrenotazioneCompletata.png, id=2018, 1204.5pt x 677.53125pt>
File: ../Screenshots//PrenotazioneCompletata.png Graphic file (type png)
<use ../Screenshots//PrenotazioneCompletata.png>
Package pdftex.def Info: ../Screenshots//PrenotazioneCompletata.png  used on in
put line 1761.
(pdftex.def)             Requested size: 313.16261pt x 176.15396pt.
[65 <../Screenshots//AreaCliente.png>]
<../Screenshots//HomepageRistorante.png, id=2027, 1204.5pt x 677.53125pt>
File: ../Screenshots//HomepageRistorante.png Graphic file (type png)
<use ../Screenshots//HomepageRistorante.png>
Package pdftex.def Info: ../Screenshots//HomepageRistorante.png  used on input 
line 1770.
(pdftex.def)             Requested size: 397.48624pt x 223.586pt.

Overfull \hbox (7.48624pt too wide) in paragraph at lines 1770--1771
 [][] 
 []

[66 <../Screenshots//ConfermaPrenotazioneCamera.png> <../Screenshots//Prenotazi
oneCompletata.png>] [67 <../Screenshots//HomepageRistorante.png>]
<../Screenshots//PrenotaTavolo.png, id=2044, 1204.5pt x 677.53125pt>
File: ../Screenshots//PrenotaTavolo.png Graphic file (type png)
<use ../Screenshots//PrenotaTavolo.png>
Package pdftex.def Info: ../Screenshots//PrenotaTavolo.png  used on input line 
1776.
(pdftex.def)             Requested size: 361.35278pt x 203.26094pt.
 [68 <../Screenshots//PrenotaTavolo.png>]
<../Screenshots//PrenotaSC.png, id=2056, 1204.5pt x 677.53125pt>
File: ../Screenshots//PrenotaSC.png Graphic file (type png)
<use ../Screenshots//PrenotaSC.png>
Package pdftex.def Info: ../Screenshots//PrenotaSC.png  used on input line 1785
.
(pdftex.def)             Requested size: 361.35278pt x 203.26094pt.
<../Screenshots//ScegliPortateSC.png, id=2057, 1204.5pt x 677.53125pt>
File: ../Screenshots//ScegliPortateSC.png Graphic file (type png)
<use ../Screenshots//ScegliPortateSC.png>
Package pdftex.def Info: ../Screenshots//ScegliPortateSC.png  used on input lin
e 1791.
(pdftex.def)             Requested size: 361.35278pt x 203.26094pt.
 [69 <../Screenshots//PrenotaSC.png> <../Screenshots//ScegliPortateSC.png>]
<../Screenshots//ConfermaPrenotazioneSC.png, id=2064, 1204.5pt x 677.53125pt>
File: ../Screenshots//ConfermaPrenotazioneSC.png Graphic file (type png)
<use ../Screenshots//ConfermaPrenotazioneSC.png>
Package pdftex.def Info: ../Screenshots//ConfermaPrenotazioneSC.png  used on in
put line 1797.
(pdftex.def)             Requested size: 361.35278pt x 203.26094pt.
 [70 <../Screenshots//ConfermaPrenotazioneSC.png>]
<../Screenshots//PrenotazioniRistoranteCliente.png, id=2073, 1204.5pt x 677.531
25pt>
File: ../Screenshots//PrenotazioniRistoranteCliente.png Graphic file (type png)

<use ../Screenshots//PrenotazioniRistoranteCliente.png>
Package pdftex.def Info: ../Screenshots//PrenotazioniRistoranteCliente.png  use
d on input line 1806.
(pdftex.def)             Requested size: 361.35278pt x 203.26094pt.
<../Screenshots//MenuCliente.png, id=2076, 1204.5pt x 677.53125pt>
File: ../Screenshots//MenuCliente.png Graphic file (type png)
<use ../Screenshots//MenuCliente.png>
Package pdftex.def Info: ../Screenshots//MenuCliente.png  used on input line 18
15.
(pdftex.def)             Requested size: 313.16261pt x 176.15396pt.

[71 <../Screenshots//PrenotazioniRistoranteCliente.png> <../Screenshots//MenuCl
iente.png>]
<../Screenshots//ListaAttivitaCliente.png, id=2087, 1204.5pt x 677.53125pt>
File: ../Screenshots//ListaAttivitaCliente.png Graphic file (type png)
<use ../Screenshots//ListaAttivitaCliente.png>
Package pdftex.def Info: ../Screenshots//ListaAttivitaCliente.png  used on inpu
t line 1828.
(pdftex.def)             Requested size: 361.35278pt x 203.26094pt.

Underfull \hbox (badness 10000) in paragraph at lines 1822--1831

 []


Underfull \hbox (badness 10000) in paragraph at lines 1822--1831

 []

[72 <../Screenshots//ListaAttivitaCliente.png>]
<../Screenshots//PrenotaAttivita.png, id=2096, 1204.5pt x 677.53125pt>
File: ../Screenshots//PrenotaAttivita.png Graphic file (type png)
<use ../Screenshots//PrenotaAttivita.png>
Package pdftex.def Info: ../Screenshots//PrenotaAttivita.png  used on input lin
e 1834.
(pdftex.def)             Requested size: 361.35278pt x 203.26094pt.
<../Screenshots//ConfermaPrenotazioneAttivita.png, id=2097, 1204.5pt x 677.5312
5pt>
File: ../Screenshots//ConfermaPrenotazioneAttivita.png Graphic file (type png)
<use ../Screenshots//ConfermaPrenotazioneAttivita.png>
Package pdftex.def Info: ../Screenshots//ConfermaPrenotazioneAttivita.png  used
 on input line 1840.
(pdftex.def)             Requested size: 361.35278pt x 203.26094pt.
 [73 <../Screenshots//PrenotaAttivita.png> <../Screenshots//ConfermaPrenotazion
eAttivita.png>]
<../Screenshots//PrenotazioniAttivitaCliente.png, id=2107, 1204.5pt x 677.53125
pt>
File: ../Screenshots//PrenotazioniAttivitaCliente.png Graphic file (type png)
<use ../Screenshots//PrenotazioniAttivitaCliente.png>
Package pdftex.def Info: ../Screenshots//PrenotazioniAttivitaCliente.png  used 
on input line 1849.
(pdftex.def)             Requested size: 361.35278pt x 203.26094pt.
 [74 <../Screenshots//PrenotazioniAttivitaCliente.png>]
<../Screenshots//DomandeCliente.png, id=2118, 1204.5pt x 677.53125pt>
File: ../Screenshots//DomandeCliente.png Graphic file (type png)
<use ../Screenshots//DomandeCliente.png>
Package pdftex.def Info: ../Screenshots//DomandeCliente.png  used on input line
 1858.
(pdftex.def)             Requested size: 361.35278pt x 203.26094pt.
<../Screenshots//RisposteDomandaCliente.png, id=2119, 1204.5pt x 677.53125pt>
File: ../Screenshots//RisposteDomandaCliente.png Graphic file (type png)
<use ../Screenshots//RisposteDomandaCliente.png>
Package pdftex.def Info: ../Screenshots//RisposteDomandaCliente.png  used on in
put line 1864.
(pdftex.def)             Requested size: 361.35278pt x 203.26094pt.
<../Screenshots//AggiungiDomanda.png, id=2122, 1204.5pt x 677.53125pt>
File: ../Screenshots//AggiungiDomanda.png Graphic file (type png)
<use ../Screenshots//AggiungiDomanda.png>
Package pdftex.def Info: ../Screenshots//AggiungiDomanda.png  used on input lin
e 1873.
(pdftex.def)             Requested size: 361.35278pt x 203.26094pt.
 [75 <../Screenshots//DomandeCliente.png> <../Screenshots//RisposteDomandaClien
te.png>] [76 <../Screenshots//AggiungiDomanda.png>]
<../Screenshots//RecensioniCliente.png, id=2140, 1204.5pt x 677.53125pt>
File: ../Screenshots//RecensioniCliente.png Graphic file (type png)
<use ../Screenshots//RecensioniCliente.png>
Package pdftex.def Info: ../Screenshots//RecensioniCliente.png  used on input l
ine 1885.
(pdftex.def)             Requested size: 361.35278pt x 203.26094pt.
<../Screenshots//AggiungiRecensione.png, id=2141, 1204.5pt x 677.53125pt>
File: ../Screenshots//AggiungiRecensione.png Graphic file (type png)
<use ../Screenshots//AggiungiRecensione.png>
Package pdftex.def Info: ../Screenshots//AggiungiRecensione.png  used on input 
line 1892.
(pdftex.def)             Requested size: 361.35278pt x 203.26094pt.
 [77 <../Screenshots//RecensioniCliente.png> <../Screenshots//AggiungiRecension
e.png>]
<../Screenshots//InserisciGiudizio.png, id=2148, 1204.5pt x 677.53125pt>
File: ../Screenshots//InserisciGiudizio.png Graphic file (type png)
<use ../Screenshots//InserisciGiudizio.png>
Package pdftex.def Info: ../Screenshots//InserisciGiudizio.png  used on input l
ine 1904.
(pdftex.def)             Requested size: 361.35278pt x 203.26094pt.
<../Screenshots//DatiPersonali.png, id=2153, 1204.5pt x 597.73312pt>
File: ../Screenshots//DatiPersonali.png Graphic file (type png)
<use ../Screenshots//DatiPersonali.png>
Package pdftex.def Info: ../Screenshots//DatiPersonali.png  used on input line 
1913.
(pdftex.def)             Requested size: 361.35278pt x 179.32132pt.
 [78 <../Screenshots//InserisciGiudizio.png>]
<../Screenshots//ModificaDatiPersonali.png, id=2160, 1204.5pt x 677.53125pt>
File: ../Screenshots//ModificaDatiPersonali.png Graphic file (type png)
<use ../Screenshots//ModificaDatiPersonali.png>
Package pdftex.def Info: ../Screenshots//ModificaDatiPersonali.png  used on inp
ut line 1920.
(pdftex.def)             Requested size: 361.35278pt x 203.26094pt.
<../Screenshots//AreaConcierge.png, id=2162, 1204.5pt x 677.53125pt>
File: ../Screenshots//AreaConcierge.png Graphic file (type png)
<use ../Screenshots//AreaConcierge.png>
Package pdftex.def Info: ../Screenshots//AreaConcierge.png  used on input line 
1931.
(pdftex.def)             Requested size: 361.35278pt x 203.26094pt.

Underfull \hbox (badness 10000) in paragraph at lines 1926--1935

 []


Underfull \hbox (badness 10000) in paragraph at lines 1926--1935

 []

[79 <../Screenshots//DatiPersonali.png> <../Screenshots//ModificaDatiPersonali.
png>]
<../Screenshots//MenuStaff.png, id=2173, 1204.5pt x 677.53125pt>
File: ../Screenshots//MenuStaff.png Graphic file (type png)
<use ../Screenshots//MenuStaff.png>
Package pdftex.def Info: ../Screenshots//MenuStaff.png  used on input line 1940
.
(pdftex.def)             Requested size: 361.35278pt x 203.26094pt.

Underfull \hbox (badness 10000) in paragraph at lines 1937--1946

 []


Underfull \hbox (badness 10000) in paragraph at lines 1937--1946

 []

[80 <../Screenshots//AreaConcierge.png>] [81 <../Screenshots//MenuStaff.png>]
<../Screenshots//ModificaPortata.png, id=2190, 1204.5pt x 677.53125pt>
File: ../Screenshots//ModificaPortata.png Graphic file (type png)
<use ../Screenshots//ModificaPortata.png>
Package pdftex.def Info: ../Screenshots//ModificaPortata.png  used on input lin
e 1950.
(pdftex.def)             Requested size: 361.35278pt x 203.26094pt.
<../Screenshots//AggiungiPortata.png, id=2191, 1204.5pt x 677.53125pt>
File: ../Screenshots//AggiungiPortata.png Graphic file (type png)
<use ../Screenshots//AggiungiPortata.png>
Package pdftex.def Info: ../Screenshots//AggiungiPortata.png  used on input lin
e 1957.
(pdftex.def)             Requested size: 361.35278pt x 203.26094pt.

Underfull \hbox (badness 10000) in paragraph at lines 1963--1967

 []


Underfull \hbox (badness 10000) in paragraph at lines 1963--1967

 []


Underfull \hbox (badness 10000) in paragraph at lines 1963--1967

 []

[82 <../Screenshots//ModificaPortata.png> <../Screenshots//AggiungiPortata.png>
]
<../Screenshots//ListaOrari.png, id=2201, 1204.5pt x 677.53125pt>
File: ../Screenshots//ListaOrari.png Graphic file (type png)
<use ../Screenshots//ListaOrari.png>
Package pdftex.def Info: ../Screenshots//ListaOrari.png  used on input line 197
0.
(pdftex.def)             Requested size: 264.99081pt x 149.05733pt.
<../Screenshots//ModificaOrariRistorante.png, id=2202, 1204.5pt x 677.53125pt>
File: ../Screenshots//ModificaOrariRistorante.png Graphic file (type png)
<use ../Screenshots//ModificaOrariRistorante.png>
Package pdftex.def Info: ../Screenshots//ModificaOrariRistorante.png  used on i
nput line 1977.
(pdftex.def)             Requested size: 277.02917pt x 155.8289pt.
 [83 <../Screenshots//ListaOrari.png> <../Screenshots//ModificaOrariRistorante.
png>]
<../Screenshots//ModificaOrariAttivita.png, id=2212, 1204.5pt x 677.53125pt>
File: ../Screenshots//ModificaOrariAttivita.png Graphic file (type png)
<use ../Screenshots//ModificaOrariAttivita.png>
Package pdftex.def Info: ../Screenshots//ModificaOrariAttivita.png  used on inp
ut line 1984.
(pdftex.def)             Requested size: 361.35278pt x 203.26094pt.
<../Screenshots//ListaAttivitaStaff.png, id=2215, 1204.5pt x 677.53125pt>
File: ../Screenshots//ListaAttivitaStaff.png Graphic file (type png)
<use ../Screenshots//ListaAttivitaStaff.png>
Package pdftex.def Info: ../Screenshots//ListaAttivitaStaff.png  used on input 
line 1993.
(pdftex.def)             Requested size: 361.35278pt x 203.26094pt.

Underfull \vbox (badness 10000) has occurred while \output is active []

 [84 <../Screenshots//ModificaOrariAttivita.png>]
<../Screenshots//ModificaAttivita.png, id=2223, 1204.5pt x 677.53125pt>
File: ../Screenshots//ModificaAttivita.png Graphic file (type png)
<use ../Screenshots//ModificaAttivita.png>
Package pdftex.def Info: ../Screenshots//ModificaAttivita.png  used on input li
ne 2000.
(pdftex.def)             Requested size: 361.35278pt x 203.26094pt.

Underfull \vbox (badness 10000) has occurred while \output is active []

 [85 <../Screenshots//ListaAttivitaStaff.png> <../Screenshots//ModificaAttivita
.png>]
<../Screenshots//PrenotazioniClienti.png, id=2231, 1204.5pt x 677.53125pt>
File: ../Screenshots//PrenotazioniClienti.png Graphic file (type png)
<use ../Screenshots//PrenotazioniClienti.png>
Package pdftex.def Info: ../Screenshots//PrenotazioniClienti.png  used on input
 line 2008.
(pdftex.def)             Requested size: 361.35278pt x 203.26094pt.

[86 <../Screenshots//PrenotazioniClienti.png>]
<../Screenshots//PrenotazioniRistoranteStaff.png, id=2241, 1204.5pt x 677.53125
pt>
File: ../Screenshots//PrenotazioniRistoranteStaff.png Graphic file (type png)
<use ../Screenshots//PrenotazioniRistoranteStaff.png>
Package pdftex.def Info: ../Screenshots//PrenotazioniRistoranteStaff.png  used 
on input line 2020.
(pdftex.def)             Requested size: 361.35278pt x 203.26094pt.
<../Screenshots//DettagliPrenotazioneSCStaff.png, id=2243, 1204.5pt x 677.53125
pt>
File: ../Screenshots//DettagliPrenotazioneSCStaff.png Graphic file (type png)
<use ../Screenshots//DettagliPrenotazioneSCStaff.png>
Package pdftex.def Info: ../Screenshots//DettagliPrenotazioneSCStaff.png  used 
on input line 2027.
(pdftex.def)             Requested size: 301.12427pt x 169.38239pt.
<../Screenshots//AggiungiPortataPrenotazioneSC.png, id=2247, 1204.5pt x 677.531
25pt>
File: ../Screenshots//AggiungiPortataPrenotazioneSC.png Graphic file (type png)

<use ../Screenshots//AggiungiPortataPrenotazioneSC.png>
Package pdftex.def Info: ../Screenshots//AggiungiPortataPrenotazioneSC.png  use
d on input line 2037.
(pdftex.def)             Requested size: 361.35278pt x 203.26094pt.

Underfull \hbox (badness 10000) in paragraph at lines 2024--2040

 []


Underfull \hbox (badness 10000) in paragraph at lines 2024--2040

 []


Underfull \hbox (badness 10000) in paragraph at lines 2024--2040

 []


Underfull \hbox (badness 10000) in paragraph at lines 2024--2040

 []

[87 <../Screenshots//PrenotazioniRistoranteStaff.png> <../Screenshots//Dettagli
PrenotazioneSCStaff.png>] [88 <../Screenshots//AggiungiPortataPrenotazioneSC.pn
g>]
<../Screenshots//EliminaPortata.png, id=2263, 1204.5pt x 677.53125pt>
File: ../Screenshots//EliminaPortata.png Graphic file (type png)
<use ../Screenshots//EliminaPortata.png>
Package pdftex.def Info: ../Screenshots//EliminaPortata.png  used on input line
 2044.
(pdftex.def)             Requested size: 361.35278pt x 203.26094pt.
<../Screenshots//ModificaDataOraPrenotazioneSC.png, id=2264, 1204.5pt x 677.531
25pt>
File: ../Screenshots//ModificaDataOraPrenotazioneSC.png Graphic file (type png)

<use ../Screenshots//ModificaDataOraPrenotazioneSC.png>
Package pdftex.def Info: ../Screenshots//ModificaDataOraPrenotazioneSC.png  use
d on input line 2051.
(pdftex.def)             Requested size: 240.89574pt x 135.50385pt.

Underfull \hbox (badness 10000) in paragraph at lines 2056--2058

 []

[89 <../Screenshots//EliminaPortata.png> <../Screenshots//ModificaDataOraPrenot
azioneSC.png>]
<../Screenshots//ModificaPrenotazioneTavolo.png, id=2273, 1204.5pt x 677.53125p
t>
File: ../Screenshots//ModificaPrenotazioneTavolo.png Graphic file (type png)
<use ../Screenshots//ModificaPrenotazioneTavolo.png>
Package pdftex.def Info: ../Screenshots//ModificaPrenotazioneTavolo.png  used o
n input line 2061.
(pdftex.def)             Requested size: 361.35278pt x 203.26094pt.
 [90 <../Screenshots//ModificaPrenotazioneTavolo.png>]
<../Screenshots//ListaPrenotazioniAttivitaStaff.png, id=2282, 1204.5pt x 677.53
125pt>
File: ../Screenshots//ListaPrenotazioniAttivitaStaff.png Graphic file (type png
)
<use ../Screenshots//ListaPrenotazioniAttivitaStaff.png>
Package pdftex.def Info: ../Screenshots//ListaPrenotazioniAttivitaStaff.png  us
ed on input line 2071.
(pdftex.def)             Requested size: 361.35278pt x 203.26094pt.

Underfull \hbox (badness 10000) in paragraph at lines 2076--2079

 []

[91 <../Screenshots//ListaPrenotazioniAttivitaStaff.png>]
<../Screenshots//DomandeStaff.png, id=2290, 1204.5pt x 677.53125pt>
File: ../Screenshots//DomandeStaff.png Graphic file (type png)
<use ../Screenshots//DomandeStaff.png>
Package pdftex.def Info: ../Screenshots//DomandeStaff.png  used on input line 2
086.
(pdftex.def)             Requested size: 361.35278pt x 203.26094pt.
<../Screenshots//FaqStaff.png, id=2291, 1204.5pt x 677.53125pt>
File: ../Screenshots//FaqStaff.png Graphic file (type png)
<use ../Screenshots//FaqStaff.png>
Package pdftex.def Info: ../Screenshots//FaqStaff.png  used on input line 2095.

(pdftex.def)             Requested size: 301.12427pt x 169.38239pt.

Underfull \hbox (badness 10000) in paragraph at lines 2099--2103

 []


Underfull \hbox (badness 10000) in paragraph at lines 2099--2103

 []


Underfull \hbox (badness 10000) in paragraph at lines 2099--2103

 []

[92 <../Screenshots//DomandeStaff.png> <../Screenshots//FaqStaff.png>]
<../Screenshots//AggiungiFaq.png, id=2302, 1204.5pt x 677.53125pt>
File: ../Screenshots//AggiungiFaq.png Graphic file (type png)
<use ../Screenshots//AggiungiFaq.png>
Package pdftex.def Info: ../Screenshots//AggiungiFaq.png  used on input line 21
06.
(pdftex.def)             Requested size: 361.35278pt x 203.26094pt.
 [93 <../Screenshots//AggiungiFaq.png>]
<../Screenshots//ModificaFaq.png, id=2310, 1204.5pt x 677.53125pt>
File: ../Screenshots//ModificaFaq.png Graphic file (type png)
<use ../Screenshots//ModificaFaq.png>
Package pdftex.def Info: ../Screenshots//ModificaFaq.png  used on input line 21
13.
(pdftex.def)             Requested size: 361.35278pt x 203.26094pt.

Underfull \hbox (badness 10000) in paragraph at lines 2119--2121

 []

<../Screenshots//AreaAdmin.png, id=2312, 1204.5pt x 677.53125pt>
File: ../Screenshots//AreaAdmin.png Graphic file (type png)
<use ../Screenshots//AreaAdmin.png>
Package pdftex.def Info: ../Screenshots//AreaAdmin.png  used on input line 2124
.
(pdftex.def)             Requested size: 289.0859pt x 162.61081pt.
[94 <../Screenshots//ModificaFaq.png> <../Screenshots//AreaAdmin.png>]
<../Screenshots//Categorie.png, id=2320, 1204.5pt x 677.53125pt>
File: ../Screenshots//Categorie.png Graphic file (type png)
<use ../Screenshots//Categorie.png>
Package pdftex.def Info: ../Screenshots//Categorie.png  used on input line 2133
.
(pdftex.def)             Requested size: 361.35278pt x 203.26094pt.

Underfull \hbox (badness 10000) in paragraph at lines 2137--2142

 []


Underfull \hbox (badness 10000) in paragraph at lines 2137--2142

 []


Underfull \hbox (badness 10000) in paragraph at lines 2137--2142

 []

[95 <../Screenshots//Categorie.png>]
<../Screenshots//AggiungiCategoria.png, id=2329, 1204.5pt x 677.53125pt>
File: ../Screenshots//AggiungiCategoria.png Graphic file (type png)
<use ../Screenshots//AggiungiCategoria.png>
Package pdftex.def Info: ../Screenshots//AggiungiCategoria.png  used on input l
ine 2145.
(pdftex.def)             Requested size: 361.35278pt x 203.26094pt.
<../Screenshots//Pagamenti.png, id=2330, 1204.5pt x 677.53125pt>
File: ../Screenshots//Pagamenti.png Graphic file (type png)
<use ../Screenshots//Pagamenti.png>
Package pdftex.def Info: ../Screenshots//Pagamenti.png  used on input line 2153
.
(pdftex.def)             Requested size: 301.12427pt x 169.38239pt.

Underfull \hbox (badness 10000) in paragraph at lines 2157--2160

 []

[96 <../Screenshots//AggiungiCategoria.png> <../Screenshots//Pagamenti.png>]
<../Screenshots//ListaClienti.png, id=2340, 1204.5pt x 677.53125pt>
File: ../Screenshots//ListaClienti.png Graphic file (type png)
<use ../Screenshots//ListaClienti.png>
Package pdftex.def Info: ../Screenshots//ListaClienti.png  used on input line 2
164.
(pdftex.def)             Requested size: 361.35278pt x 203.26094pt.

Underfull \hbox (badness 10000) in paragraph at lines 2168--2172

 []


Underfull \hbox (badness 10000) in paragraph at lines 2168--2172

 []


Underfull \hbox (badness 10000) in paragraph at lines 2168--2172

 []

[97 <../Screenshots//ListaClienti.png>]
<../Screenshots//ListaOrariAdmin.png, id=2350, 1204.5pt x 677.53125pt>
File: ../Screenshots//ListaOrariAdmin.png Graphic file (type png)
<use ../Screenshots//ListaOrariAdmin.png>
Package pdftex.def Info: ../Screenshots//ListaOrariAdmin.png  used on input lin
e 2177.
(pdftex.def)             Requested size: 361.35278pt x 203.26094pt.
<../Screenshots//ModificaOrariUpdate.png, id=2353, 1204.5pt x 677.53125pt>
File: ../Screenshots//ModificaOrariUpdate.png Graphic file (type png)
<use ../Screenshots//ModificaOrariUpdate.png>
Package pdftex.def Info: ../Screenshots//ModificaOrariUpdate.png  used on input
 line 2185.
(pdftex.def)             Requested size: 361.35278pt x 203.26094pt.

Underfull \hbox (badness 10000) in paragraph at lines 2181--2189

 []

[98 <../Screenshots//ListaOrariAdmin.png>] [99 <../Screenshots//ModificaOrariUp
date.png>] [100

]
Capitolo 3.
[101] [102]
Underfull \vbox (badness 3058) has occurred while \output is active []

 [103]
[104] [105] [106] [107]
Underfull \hbox (badness 10000) in paragraph at lines 2290--2292

 []

[108] [109]
(C:\Users\HP 840 G1\AppData\Local\Programs\MiKTeX\tex/latex/listings\lstlang1.s
ty
File: lstlang1.sty 2020/03/24 1.8d listings language file
)
(C:\Users\HP 840 G1\AppData\Local\Programs\MiKTeX\tex/latex/listings\lstlang2.s
ty
File: lstlang2.sty 2020/03/24 1.8d listings language file
)
LaTeX Font Info:    Trying to load font information for TS1+cmtt on input line 
2325.
 (C:\Users\HP 840 G1\AppData\Local\Programs\MiKTeX\tex/latex/base\ts1cmtt.fd
File: ts1cmtt.fd 2019/12/16 v2.5j Standard LaTeX font definitions
) [110] [111]
Underfull \vbox (badness 10000) has occurred while \output is active []

 [112]
[113] [114]
Underfull \hbox (badness 10000) in paragraph at lines 2424--2425

 []


Underfull \hbox (badness 10000) in paragraph at lines 2424--2425

 []

[115]
Underfull \hbox (badness 10000) in paragraph at lines 2428--2430

 []

[116]
Overfull \hbox (10.06274pt too wide) in paragraph at lines 2456--2457
[][][][][][][][][][][][][][][][][][][][][]  
 []


Overfull \hbox (5.20161pt too wide) in paragraph at lines 2468--2469
[][][][][][][][][][][][][][][][][][][][][]  
 []


Overfull \hbox (9.9933pt too wide) in paragraph at lines 2471--2473
[][][][][][][][][][][][][][][][][][][][][]  
 []

[117]
Underfull \vbox (badness 6825) has occurred while \output is active []

 [118]
[119] [120] [121] [122] [123] [124] [125] [126] [127] [128] [129] [130

]
Capitolo 4.
[131] [132] (Relazione.aux)
Package rerunfilecheck Info: File `Relazione.out' has not changed.
(rerunfilecheck)             Checksum: 74E5E5F4C24F1265CED79E657DE52CC1;17637.
 ) 
Here is how much of TeX's memory you used:
 15427 strings out of 478927
 247104 string characters out of 2850603
 845300 words of memory out of 3000000
 31327 multiletter control sequences out of 15000+600000
 412234 words of font info for 56 fonts, out of 8000000 for 9000
 1141 hyphenation exceptions out of 8191
 60i,8n,66p,1694b,3266s stack positions out of 5000i,500n,10000p,200000b,80000s
 <C:\Users\HP 840 G1\AppData\Local\MiKTeX\fonts/pk/ljfour/jknappen/ec/dpi600\
tctt1000.pk> <C:\Users\HP 840 G1\AppData\Local\MiKTeX\fonts/pk/ljfour/jknappen/
ec/dpi600\tcrm1000.pk> <C:\Users\HP 840 G1\AppData\Local\MiKTeX\fonts/pk/ljfour
/jknappen/ec/dpi600\tcrm1200.pk><C:/Users/HP 840 G1/AppData/Local/Programs/MiKT
eX/fonts/type1/public/amsfonts/cm/cmbx10.pfb><C:/Users/HP 840 G1/AppData/Local/
Programs/MiKTeX/fonts/type1/public/amsfonts/cm/cmbx12.pfb><C:/Users/HP 840 G1/A
ppData/Local/Programs/MiKTeX/fonts/type1/public/amsfonts/cm/cmbxti10.pfb><C:/Us
ers/HP 840 G1/AppData/Local/Programs/MiKTeX/fonts/type1/public/amsfonts/cm/cmmi
b10.pfb><C:/Users/HP 840 G1/AppData/Local/Programs/MiKTeX/fonts/type1/public/am
sfonts/cm/cmr10.pfb><C:/Users/HP 840 G1/AppData/Local/Programs/MiKTeX/fonts/typ
e1/public/amsfonts/cm/cmr12.pfb><C:/Users/HP 840 G1/AppData/Local/Programs/MiKT
eX/fonts/type1/public/amsfonts/cm/cmr17.pfb><C:/Users/HP 840 G1/AppData/Local/P
rograms/MiKTeX/fonts/type1/public/amsfonts/cm/cmsl12.pfb><C:/Users/HP 840 G1/Ap
pData/Local/Programs/MiKTeX/fonts/type1/public/amsfonts/cm/cmsy10.pfb><C:/Users
/HP 840 G1/AppData/Local/Programs/MiKTeX/fonts/type1/public/amsfonts/cm/cmti12.
pfb><C:/Users/HP 840 G1/AppData/Local/Programs/MiKTeX/fonts/type1/public/amsfon
ts/cm/cmtt10.pfb>
Output written on Relazione.pdf (132 pages, 17213950 bytes).
PDF statistics:
 3177 PDF objects out of 3580 (max. 8388607)
 1751 named destinations out of 2073 (max. 500000)
 1034 words of extra memory for PDF output out of 10000 (max. 10000000)

